02/16/22 12:18:35: test.scss - parse error: failed at `@media` /var/www/blak.citynix.ru/data/www/blak.citynix.ru/wp-content/themes/blak/scss/test.scss on line 68, at column 9
02/16/22 2:53:52: critical.scss - parse error: failed at `@media (max-width)` /var/www/blak.citynix.ru/data/www/blak.citynix.ru/wp-content/themes/blak/scss/critical.scss on line 244, at column 17
02/17/22 10:24:27: blocks.scss - parse error: failed at `font-size: 26px` /var/www/blak.citynix.ru/data/www/blak.citynix.ru/wp-content/themes/blak/scss/blocks.scss on line 42, at column 3
02/17/22 10:24:54: blocks.scss - parse error: failed at `font-size: 26px` /var/www/blak.citynix.ru/data/www/blak.citynix.ru/wp-content/themes/blak/scss/blocks.scss on line 42, at column 3
02/17/22 10:24:57: blocks.scss - parse error: failed at `font-size: 26px` /var/www/blak.citynix.ru/data/www/blak.citynix.ru/wp-content/themes/blak/scss/blocks.scss on line 42, at column 3
02/17/22 10:24:58: blocks.scss - parse error: failed at `font-size: 26px` /var/www/blak.citynix.ru/data/www/blak.citynix.ru/wp-content/themes/blak/scss/blocks.scss on line 42, at column 3
02/20/22 5:31:02: blocks.scss - parse error: failed at `$boxshadow = box-shadow: 0 10px 17px #0000001a;` /var/www/blak.citynix.ru/data/www/blak.citynix.ru/wp-content/themes/blak/scss/blocks.scss on line 1, at column 0
02/20/22 5:31:04: blocks.scss - parse error: failed at `$boxshadow = 0 10px 17px #0000001a;` /var/www/blak.citynix.ru/data/www/blak.citynix.ru/wp-content/themes/blak/scss/blocks.scss on line 1, at column 0
02/20/22 5:31:27: blocks.scss - parse error: failed at `$boxshadow = 0 10px 17px #0000001a;` /var/www/blak.citynix.ru/data/www/blak.citynix.ru/wp-content/themes/blak/scss/blocks.scss on line 1, at column 0
02/20/22 5:31:31: blocks.scss - parse error: failed at `$boxshadow = 0 10px 17px #0000001a;` /var/www/blak.citynix.ru/data/www/blak.citynix.ru/wp-content/themes/blak/scss/blocks.scss on line 1, at column 0
02/20/22 5:31:45: blocks.scss - parse error: failed at `$boxshadow = 0 10px 17px #0000001a;` /var/www/blak.citynix.ru/data/www/blak.citynix.ru/wp-content/themes/blak/scss/blocks.scss on line 1, at column 0
02/20/22 5:32:00: blocks.scss - parse error: failed at `$boxshadow = 0 10px 17px #0000001a;` /var/www/blak.citynix.ru/data/www/blak.citynix.ru/wp-content/themes/blak/scss/blocks.scss on line 1, at column 0
02/20/22 5:32:03: blocks.scss - parse error: failed at `$boxshadow = 0 10px 17px #0000001a;` /var/www/blak.citynix.ru/data/www/blak.citynix.ru/wp-content/themes/blak/scss/blocks.scss on line 1, at column 0
02/20/22 5:32:04: blocks.scss - parse error: failed at `$boxshadow = 0 10px 17px #0000001a;` /var/www/blak.citynix.ru/data/www/blak.citynix.ru/wp-content/themes/blak/scss/blocks.scss on line 1, at column 0
02/20/22 5:32:10: blocks.scss - parse error: failed at `$boxshadow = 0 10px 17px #0000001a;` /var/www/blak.citynix.ru/data/www/blak.citynix.ru/wp-content/themes/blak/scss/blocks.scss on line 1, at column 0
02/20/22 5:32:31: blocks.scss - parse error: failed at `$boxshadow = 0 10px 17px #0000001a;` /var/www/blak.citynix.ru/data/www/blak.citynix.ru/wp-content/themes/blak/scss/blocks.scss on line 1, at column 0
02/20/22 5:33:08: blocks.scss - parse error: failed at `$boxshadow = 0 10px 17px #0000001a;` /var/www/blak.citynix.ru/data/www/blak.citynix.ru/wp-content/themes/blak/scss/blocks.scss on line 1, at column 0
02/20/22 5:33:18: blocks.scss - parse error: failed at `$boxshadow = 0 10px 17px #0000001a;` /var/www/blak.citynix.ru/data/www/blak.citynix.ru/wp-content/themes/blak/scss/blocks.scss on line 1, at column 0
02/20/22 5:57:20: blocks.scss - parse error: failed at `font-size:` /var/www/blak.citynix.ru/data/www/blak.citynix.ru/wp-content/themes/blak/scss/blocks.scss on line 101, at column 3
02/20/22 8:17:54: blocks.scss - parse error: failed at `*/` /var/www/blak.citynix.ru/data/www/blak.citynix.ru/wp-content/themes/blak/scss/blocks.scss on line 27, at column 40
02/23/22 9:08:48: blocks.scss - parse error: failed at `content="-";` /var/www/blak.citynix.ru/data/www/blak.citynix.ru/wp-content/themes/blak/scss/blocks.scss on line 263, at column 3
02/23/22 10:42:29: blocks.scss - unexpected }: failed at `` /var/www/blak.citynix.ru/data/www/blak.citynix.ru/wp-content/themes/blak/scss/blocks.scss on line 423, at column 0
02/23/22 10:42:42: blocks.scss - unexpected }: failed at `` /var/www/blak.citynix.ru/data/www/blak.citynix.ru/wp-content/themes/blak/scss/blocks.scss on line 423, at column 0
02/23/22 10:43:13: blocks.scss - unexpected }: failed at `` /var/www/blak.citynix.ru/data/www/blak.citynix.ru/wp-content/themes/blak/scss/blocks.scss on line 423, at column 0
02/23/22 11:35:48: blocks.scss - parse error: failed at `filter: brightness(70%)` /var/www/blak.citynix.ru/data/www/blak.citynix.ru/wp-content/themes/blak/scss/blocks.scss on line 342, at column 2
02/23/22 11:35:48: blocks.scss - parse error: failed at `filter: brightness(70%)` /var/www/blak.citynix.ru/data/www/blak.citynix.ru/wp-content/themes/blak/scss/blocks.scss on line 342, at column 2
02/23/22 11:35:54: blocks.scss - parse error: failed at `filter: brightness(70%)` /var/www/blak.citynix.ru/data/www/blak.citynix.ru/wp-content/themes/blak/scss/blocks.scss on line 342, at column 2
02/23/22 11:43:06: blocks.scss - parse error: failed at `background-image: linear-gradient(rgb(255 255 255 / 0%), rgb(0 0 0 / 43%)), url(, url(https://catherineasquithgallery.com/uploads/posts/2021-02/1614192163_159-p-cherno-belii-fon-214.jpg);` /var/www/blak.citynix.ru/data/www/blak.citynix.ru/wp-content/themes/blak/scss/blocks.scss on line 341, at column 2
02/23/22 11:43:52: blocks.scss - parse error: failed at `background-image: linear-gradient(rgb(255 255 255 / 0%), rgb(0 0 0 / 43%)), url(, url(https://catherineasquithgallery.com/uploads/posts/2021-02/1614192163_159-p-cherno-belii-fon-214.jpg);` /var/www/blak.citynix.ru/data/www/blak.citynix.ru/wp-content/themes/blak/scss/blocks.scss on line 341, at column 2
02/23/22 11:43:53: blocks.scss - parse error: failed at `background-image: linear-gradient(rgb(255 255 255 / 0%), rgb(0 0 0 / 43%)), url(, url(https://catherineasquithgallery.com/uploads/posts/2021-02/1614192163_159-p-cherno-belii-fon-214.jpg);` /var/www/blak.citynix.ru/data/www/blak.citynix.ru/wp-content/themes/blak/scss/blocks.scss on line 341, at column 2
02/23/22 11:43:56: blocks.scss - parse error: failed at `background-image:linear-gradient(rgb(255 255 255 / 0%), rgb(0 0 0 / 43%)), url (https://catherineasquithgallery.com/uploads/posts/2021-02/1614192163_159-p-cherno-belii-fon-214.jpg);` /var/www/blak.citynix.ru/data/www/blak.citynix.ru/wp-content/themes/blak/scss/blocks.scss on line 341, at column 2
02/23/22 11:44:12: blocks.scss - parse error: failed at `background-image:linear-gradient(rgb(255 255 255 / 0%), rgb(0 0 0 / 43%)), url (https://catherineasquithgallery.com/uploads/posts/2021-02/1614192163_159-p-cherno-belii-fon-214.jpg);` /var/www/blak.citynix.ru/data/www/blak.citynix.ru/wp-content/themes/blak/scss/blocks.scss on line 341, at column 2
02/24/22 12:11:40: blocks.scss - parse error: failed at `background-image:linear-gradient(rgb(0 0 0 / 0%), rgb(0 0 0 / 0%)), url(https://i.ytimg.com/vi/SceNJ4r0_HU/maxresdefault.jpg), opacity: 0,5;` /var/www/blak.citynix.ru/data/www/blak.citynix.ru/wp-content/themes/blak/scss/blocks.scss on line 346, at column 2
02/24/22 12:11:56: blocks.scss - parse error: failed at `background-image:linear-gradient(rgb(0 0 0 / 0%), rgb(0 0 0 / 0%)), url(https://i.ytimg.com/vi/SceNJ4r0_HU/maxresdefault.jpg), opacity: 0,5;` /var/www/blak.citynix.ru/data/www/blak.citynix.ru/wp-content/themes/blak/scss/blocks.scss on line 346, at column 2
02/24/22 1:58:09: blocks.scss - complex selectors may not be extended.: blocks.scss on line 492, at column 3
02/24/22 1:58:12: blocks.scss - complex selectors may not be extended.: blocks.scss on line 492, at column 3
02/24/22 1:58:20: blocks.scss - complex selectors may not be extended.: blocks.scss on line 492, at column 3
02/24/22 1:58:25: blocks.scss - complex selectors may not be extended.: blocks.scss on line 492, at column 3
02/24/22 1:58:44: blocks.scss - ".blog-card-3__content p" failed to @extend ".blog-card-2__p". The selector ".blog-card-2__p" was not found.: blocks.scss on line 500, at column 2
02/24/22 2:00:23: blocks.scss - complex selectors may not be extended.: blocks.scss on line 492, at column 3
02/24/22 2:00:42: blocks.scss - complex selectors may not be extended.: blocks.scss on line 492, at column 3
02/24/22 2:01:11: blocks.scss - parse error: failed at `@extend (.blog-card-2__image img);` /var/www/blak.citynix.ru/data/www/blak.citynix.ru/wp-content/themes/blak/scss/blocks.scss on line 492, at column 3
02/24/22 2:01:14: blocks.scss - parse error: failed at `@extend (.blog-card-2__image img);` /var/www/blak.citynix.ru/data/www/blak.citynix.ru/wp-content/themes/blak/scss/blocks.scss on line 492, at column 3
02/24/22 2:01:23: blocks.scss - parse error: failed at `@extend (.blog-card-2__image img);` /var/www/blak.citynix.ru/data/www/blak.citynix.ru/wp-content/themes/blak/scss/blocks.scss on line 492, at column 3
02/24/22 2:02:33: blocks.scss - parse error: failed at `@extend (.blog-card-2__image img);` /var/www/blak.citynix.ru/data/www/blak.citynix.ru/wp-content/themes/blak/scss/blocks.scss on line 492, at column 3
02/24/22 2:02:33: blocks.scss - parse error: failed at `@extend (.blog-card-2__image img);` /var/www/blak.citynix.ru/data/www/blak.citynix.ru/wp-content/themes/blak/scss/blocks.scss on line 492, at column 3
02/24/22 2:02:34: blocks.scss - parse error: failed at `@extend (.blog-card-2__image img);` /var/www/blak.citynix.ru/data/www/blak.citynix.ru/wp-content/themes/blak/scss/blocks.scss on line 492, at column 3
02/24/22 2:02:44: blocks.scss - parse error: failed at `@extend (.blog-card-2__image img);` /var/www/blak.citynix.ru/data/www/blak.citynix.ru/wp-content/themes/blak/scss/blocks.scss on line 492, at column 3
02/24/22 2:02:57: blocks.scss - complex selectors may not be extended.: blocks.scss on line 500, at column 3
02/24/22 4:47:24: blocks.scss - parse error: failed at `marg` /var/www/blak.citynix.ru/data/www/blak.citynix.ru/wp-content/themes/blak/scss/blocks.scss on line 600, at column 4
02/24/22 4:47:25: blocks.scss - parse error: failed at `marg` /var/www/blak.citynix.ru/data/www/blak.citynix.ru/wp-content/themes/blak/scss/blocks.scss on line 600, at column 4
02/24/22 4:47:26: blocks.scss - parse error: failed at `marg` /var/www/blak.citynix.ru/data/www/blak.citynix.ru/wp-content/themes/blak/scss/blocks.scss on line 600, at column 4
02/24/22 4:48:03: blocks.scss - parse error: failed at `marg` /var/www/blak.citynix.ru/data/www/blak.citynix.ru/wp-content/themes/blak/scss/blocks.scss on line 600, at column 4
02/24/22 5:09:28: blocks.scss - parse error: failed at `padding-bottom: 30px` /var/www/blak.citynix.ru/data/www/blak.citynix.ru/wp-content/themes/blak/scss/blocks.scss on line 601, at column 3
02/24/22 8:18:19: blocks.scss - `slider.scss` file not found for @import: blocks.scss on line 3, at column 1
02/24/22 12:56:44: azat.scss - parse error: failed at `1` /var/www/blak.citynix.ru/data/www/blak.citynix.ru/wp-content/themes/blak/scss/azat.scss on line 1, at column 0
02/24/22 12:57:44: azat.scss - parse error: failed at `1` /var/www/blak.citynix.ru/data/www/blak.citynix.ru/wp-content/themes/blak/scss/azat.scss on line 1, at column 0
02/24/22 12:57:48: azat.scss - parse error: failed at `1` /var/www/blak.citynix.ru/data/www/blak.citynix.ru/wp-content/themes/blak/scss/azat.scss on line 1, at column 0
02/24/22 12:57:53: azat.scss - parse error: failed at `1` /var/www/blak.citynix.ru/data/www/blak.citynix.ru/wp-content/themes/blak/scss/azat.scss on line 1, at column 0
02/24/22 12:58:54: azat.scss - parse error: failed at `1` /var/www/blak.citynix.ru/data/www/blak.citynix.ru/wp-content/themes/blak/scss/azat.scss on line 1, at column 0
02/24/22 12:59:54: azat.scss - parse error: failed at `1` /var/www/blak.citynix.ru/data/www/blak.citynix.ru/wp-content/themes/blak/scss/azat.scss on line 1, at column 0
02/24/22 1:00:06: azat.scss - parse error: failed at `1` /var/www/blak.citynix.ru/data/www/blak.citynix.ru/wp-content/themes/blak/scss/azat.scss on line 1, at column 0
02/24/22 1:00:06: azat.scss - parse error: failed at `1` /var/www/blak.citynix.ru/data/www/blak.citynix.ru/wp-content/themes/blak/scss/azat.scss on line 1, at column 0
02/24/22 1:00:29: azat.scss - parse error: failed at `1` /var/www/blak.citynix.ru/data/www/blak.citynix.ru/wp-content/themes/blak/scss/azat.scss on line 1, at column 0
02/24/22 1:00:29: azat.scss - parse error: failed at `1` /var/www/blak.citynix.ru/data/www/blak.citynix.ru/wp-content/themes/blak/scss/azat.scss on line 1, at column 0
02/24/22 1:00:55: azat.scss - parse error: failed at `1` /var/www/blak.citynix.ru/data/www/blak.citynix.ru/wp-content/themes/blak/scss/azat.scss on line 1, at column 0
02/24/22 1:01:07: azat.scss - parse error: failed at `1` /var/www/blak.citynix.ru/data/www/blak.citynix.ru/wp-content/themes/blak/scss/azat.scss on line 1, at column 0
02/24/22 1:01:08: azat.scss - parse error: failed at `1` /var/www/blak.citynix.ru/data/www/blak.citynix.ru/wp-content/themes/blak/scss/azat.scss on line 1, at column 0
02/24/22 1:02:07: azat.scss - parse error: failed at `1` /var/www/blak.citynix.ru/data/www/blak.citynix.ru/wp-content/themes/blak/scss/azat.scss on line 1, at column 0
02/24/22 1:02:56: azat.scss - parse error: failed at `1` /var/www/blak.citynix.ru/data/www/blak.citynix.ru/wp-content/themes/blak/scss/azat.scss on line 1, at column 0
02/24/22 1:03:07: azat.scss - parse error: failed at `1` /var/www/blak.citynix.ru/data/www/blak.citynix.ru/wp-content/themes/blak/scss/azat.scss on line 1, at column 0
02/24/22 1:03:09: azat.scss - parse error: failed at `1` /var/www/blak.citynix.ru/data/www/blak.citynix.ru/wp-content/themes/blak/scss/azat.scss on line 1, at column 0
02/24/22 1:04:07: azat.scss - parse error: failed at `1` /var/www/blak.citynix.ru/data/www/blak.citynix.ru/wp-content/themes/blak/scss/azat.scss on line 1, at column 0
02/24/22 1:04:57: azat.scss - parse error: failed at `1` /var/www/blak.citynix.ru/data/www/blak.citynix.ru/wp-content/themes/blak/scss/azat.scss on line 1, at column 0
02/24/22 1:05:07: azat.scss - parse error: failed at `1` /var/www/blak.citynix.ru/data/www/blak.citynix.ru/wp-content/themes/blak/scss/azat.scss on line 1, at column 0
02/24/22 1:05:10: azat.scss - parse error: failed at `1` /var/www/blak.citynix.ru/data/www/blak.citynix.ru/wp-content/themes/blak/scss/azat.scss on line 1, at column 0
02/24/22 1:06:08: azat.scss - parse error: failed at `1` /var/www/blak.citynix.ru/data/www/blak.citynix.ru/wp-content/themes/blak/scss/azat.scss on line 1, at column 0
02/24/22 1:06:58: azat.scss - parse error: failed at `1` /var/www/blak.citynix.ru/data/www/blak.citynix.ru/wp-content/themes/blak/scss/azat.scss on line 1, at column 0
02/24/22 1:07:11: azat.scss - parse error: failed at `1` /var/www/blak.citynix.ru/data/www/blak.citynix.ru/wp-content/themes/blak/scss/azat.scss on line 1, at column 0
02/24/22 1:08:07: azat.scss - parse error: failed at `1` /var/www/blak.citynix.ru/data/www/blak.citynix.ru/wp-content/themes/blak/scss/azat.scss on line 1, at column 0
02/24/22 1:08:59: azat.scss - parse error: failed at `1` /var/www/blak.citynix.ru/data/www/blak.citynix.ru/wp-content/themes/blak/scss/azat.scss on line 1, at column 0
02/24/22 1:09:12: azat.scss - parse error: failed at `1` /var/www/blak.citynix.ru/data/www/blak.citynix.ru/wp-content/themes/blak/scss/azat.scss on line 1, at column 0
02/24/22 1:10:08: azat.scss - parse error: failed at `1` /var/www/blak.citynix.ru/data/www/blak.citynix.ru/wp-content/themes/blak/scss/azat.scss on line 1, at column 0
02/24/22 1:11:13: azat.scss - parse error: failed at `1` /var/www/blak.citynix.ru/data/www/blak.citynix.ru/wp-content/themes/blak/scss/azat.scss on line 1, at column 0
02/24/22 1:12:07: azat.scss - parse error: failed at `1` /var/www/blak.citynix.ru/data/www/blak.citynix.ru/wp-content/themes/blak/scss/azat.scss on line 1, at column 0
02/24/22 1:13:14: azat.scss - parse error: failed at `1` /var/www/blak.citynix.ru/data/www/blak.citynix.ru/wp-content/themes/blak/scss/azat.scss on line 1, at column 0
02/24/22 1:14:07: azat.scss - parse error: failed at `1` /var/www/blak.citynix.ru/data/www/blak.citynix.ru/wp-content/themes/blak/scss/azat.scss on line 1, at column 0
02/24/22 1:15:08: azat.scss - parse error: failed at `1` /var/www/blak.citynix.ru/data/www/blak.citynix.ru/wp-content/themes/blak/scss/azat.scss on line 1, at column 0
02/24/22 1:15:15: azat.scss - parse error: failed at `1` /var/www/blak.citynix.ru/data/www/blak.citynix.ru/wp-content/themes/blak/scss/azat.scss on line 1, at column 0
02/24/22 1:16:07: azat.scss - parse error: failed at `1` /var/www/blak.citynix.ru/data/www/blak.citynix.ru/wp-content/themes/blak/scss/azat.scss on line 1, at column 0
02/24/22 1:17:08: azat.scss - parse error: failed at `1` /var/www/blak.citynix.ru/data/www/blak.citynix.ru/wp-content/themes/blak/scss/azat.scss on line 1, at column 0
02/24/22 1:17:16: azat.scss - parse error: failed at `1` /var/www/blak.citynix.ru/data/www/blak.citynix.ru/wp-content/themes/blak/scss/azat.scss on line 1, at column 0
02/24/22 1:18:08: azat.scss - parse error: failed at `1` /var/www/blak.citynix.ru/data/www/blak.citynix.ru/wp-content/themes/blak/scss/azat.scss on line 1, at column 0
02/24/22 1:19:08: azat.scss - parse error: failed at `1` /var/www/blak.citynix.ru/data/www/blak.citynix.ru/wp-content/themes/blak/scss/azat.scss on line 1, at column 0
02/24/22 1:19:17: azat.scss - parse error: failed at `1` /var/www/blak.citynix.ru/data/www/blak.citynix.ru/wp-content/themes/blak/scss/azat.scss on line 1, at column 0
02/24/22 1:20:08: azat.scss - parse error: failed at `1` /var/www/blak.citynix.ru/data/www/blak.citynix.ru/wp-content/themes/blak/scss/azat.scss on line 1, at column 0
02/24/22 1:21:08: azat.scss - parse error: failed at `1` /var/www/blak.citynix.ru/data/www/blak.citynix.ru/wp-content/themes/blak/scss/azat.scss on line 1, at column 0
02/24/22 1:21:18: azat.scss - parse error: failed at `1` /var/www/blak.citynix.ru/data/www/blak.citynix.ru/wp-content/themes/blak/scss/azat.scss on line 1, at column 0
02/24/22 1:22:08: azat.scss - parse error: failed at `1` /var/www/blak.citynix.ru/data/www/blak.citynix.ru/wp-content/themes/blak/scss/azat.scss on line 1, at column 0
02/24/22 1:23:08: azat.scss - parse error: failed at `1` /var/www/blak.citynix.ru/data/www/blak.citynix.ru/wp-content/themes/blak/scss/azat.scss on line 1, at column 0
02/24/22 1:23:19: azat.scss - parse error: failed at `1` /var/www/blak.citynix.ru/data/www/blak.citynix.ru/wp-content/themes/blak/scss/azat.scss on line 1, at column 0
02/24/22 1:24:08: azat.scss - parse error: failed at `1` /var/www/blak.citynix.ru/data/www/blak.citynix.ru/wp-content/themes/blak/scss/azat.scss on line 1, at column 0
02/24/22 1:25:08: azat.scss - parse error: failed at `1` /var/www/blak.citynix.ru/data/www/blak.citynix.ru/wp-content/themes/blak/scss/azat.scss on line 1, at column 0
02/24/22 1:25:20: azat.scss - parse error: failed at `1` /var/www/blak.citynix.ru/data/www/blak.citynix.ru/wp-content/themes/blak/scss/azat.scss on line 1, at column 0
02/24/22 1:26:08: azat.scss - parse error: failed at `1` /var/www/blak.citynix.ru/data/www/blak.citynix.ru/wp-content/themes/blak/scss/azat.scss on line 1, at column 0
02/24/22 1:27:08: azat.scss - parse error: failed at `1` /var/www/blak.citynix.ru/data/www/blak.citynix.ru/wp-content/themes/blak/scss/azat.scss on line 1, at column 0
02/24/22 1:27:21: azat.scss - parse error: failed at `1` /var/www/blak.citynix.ru/data/www/blak.citynix.ru/wp-content/themes/blak/scss/azat.scss on line 1, at column 0
02/24/22 1:28:08: azat.scss - parse error: failed at `1` /var/www/blak.citynix.ru/data/www/blak.citynix.ru/wp-content/themes/blak/scss/azat.scss on line 1, at column 0
02/24/22 1:29:08: azat.scss - parse error: failed at `1` /var/www/blak.citynix.ru/data/www/blak.citynix.ru/wp-content/themes/blak/scss/azat.scss on line 1, at column 0
02/24/22 1:29:22: azat.scss - parse error: failed at `1` /var/www/blak.citynix.ru/data/www/blak.citynix.ru/wp-content/themes/blak/scss/azat.scss on line 1, at column 0
02/24/22 1:30:08: azat.scss - parse error: failed at `1` /var/www/blak.citynix.ru/data/www/blak.citynix.ru/wp-content/themes/blak/scss/azat.scss on line 1, at column 0
02/24/22 1:31:08: azat.scss - parse error: failed at `1` /var/www/blak.citynix.ru/data/www/blak.citynix.ru/wp-content/themes/blak/scss/azat.scss on line 1, at column 0
02/24/22 1:31:23: azat.scss - parse error: failed at `1` /var/www/blak.citynix.ru/data/www/blak.citynix.ru/wp-content/themes/blak/scss/azat.scss on line 1, at column 0
02/24/22 1:32:08: azat.scss - parse error: failed at `1` /var/www/blak.citynix.ru/data/www/blak.citynix.ru/wp-content/themes/blak/scss/azat.scss on line 1, at column 0
02/24/22 1:33:08: azat.scss - parse error: failed at `1` /var/www/blak.citynix.ru/data/www/blak.citynix.ru/wp-content/themes/blak/scss/azat.scss on line 1, at column 0
02/24/22 1:33:24: azat.scss - parse error: failed at `1` /var/www/blak.citynix.ru/data/www/blak.citynix.ru/wp-content/themes/blak/scss/azat.scss on line 1, at column 0
02/24/22 1:34:08: azat.scss - parse error: failed at `1` /var/www/blak.citynix.ru/data/www/blak.citynix.ru/wp-content/themes/blak/scss/azat.scss on line 1, at column 0
02/24/22 1:35:08: azat.scss - parse error: failed at `1` /var/www/blak.citynix.ru/data/www/blak.citynix.ru/wp-content/themes/blak/scss/azat.scss on line 1, at column 0
02/24/22 1:35:25: azat.scss - parse error: failed at `1` /var/www/blak.citynix.ru/data/www/blak.citynix.ru/wp-content/themes/blak/scss/azat.scss on line 1, at column 0
02/24/22 1:36:08: azat.scss - parse error: failed at `1` /var/www/blak.citynix.ru/data/www/blak.citynix.ru/wp-content/themes/blak/scss/azat.scss on line 1, at column 0
02/24/22 1:37:08: azat.scss - parse error: failed at `1` /var/www/blak.citynix.ru/data/www/blak.citynix.ru/wp-content/themes/blak/scss/azat.scss on line 1, at column 0
02/24/22 1:37:26: azat.scss - parse error: failed at `1` /var/www/blak.citynix.ru/data/www/blak.citynix.ru/wp-content/themes/blak/scss/azat.scss on line 1, at column 0
02/24/22 1:38:08: azat.scss - parse error: failed at `1` /var/www/blak.citynix.ru/data/www/blak.citynix.ru/wp-content/themes/blak/scss/azat.scss on line 1, at column 0
02/24/22 1:39:08: azat.scss - parse error: failed at `1` /var/www/blak.citynix.ru/data/www/blak.citynix.ru/wp-content/themes/blak/scss/azat.scss on line 1, at column 0
02/24/22 1:39:27: azat.scss - parse error: failed at `1` /var/www/blak.citynix.ru/data/www/blak.citynix.ru/wp-content/themes/blak/scss/azat.scss on line 1, at column 0
02/24/22 1:39:51: azat.scss - parse error: failed at `1` /var/www/blak.citynix.ru/data/www/blak.citynix.ru/wp-content/themes/blak/scss/azat.scss on line 1, at column 0
02/24/22 1:39:56: azat.scss - parse error: failed at `1` /var/www/blak.citynix.ru/data/www/blak.citynix.ru/wp-content/themes/blak/scss/azat.scss on line 1, at column 0
02/25/22 7:53:19: critical.scss - Undefined variable $primary-title-color: custom.scss on line 41, at column 7
Call Stack:
#0 import custom.scss critical.scss on line 1
02/25/22 7:53:19: custom.scss - Undefined variable $primary-title-color: custom.scss on line 41, at column 7
Call Stack:
#0 import custom.scss critical.scss on line 1
02/25/22 7:55:20: critical.scss - Undefined variable $primary-title-color: ./custom.scss on line 41, at column 7
Call Stack:
#0 import ./custom.scss critical.scss on line 1
02/25/22 7:55:20: custom.scss - Undefined variable $primary-title-color: custom.scss on line 41, at column 7
Call Stack:
#0 import ./custom.scss critical.scss on line 1
02/25/22 7:59:14: blocks.scss - `ruslan` file not found for @import: blocks.scss on line 2, at column 1
02/25/22 7:59:58: blocks.scss - Undefined variable $boxshadow-block: ruslan.scss on line 12, at column 3
Call Stack:
#0 import ruslan.scss blocks.scss on line 2
02/25/22 7:59:58: ruslan.scss - Undefined variable $boxshadow-block: ruslan.scss on line 12, at column 3
Call Stack:
#0 import ruslan.scss blocks.scss on line 2
02/25/22 8:01:58: blocks.scss - Undefined variable $boxshadow-block: ruslan.scss on line 12, at column 3
Call Stack:
#0 import ruslan.scss blocks.scss on line 2
02/25/22 8:01:58: ruslan.scss - Undefined variable $boxshadow-block: ruslan.scss on line 12, at column 3
Call Stack:
#0 import ruslan.scss blocks.scss on line 2
02/25/22 8:08:01: blocks.scss - Undefined variable $boxshadow-block: ../styles/test.scss on line 12, at column 3
Call Stack:
#0 import ../styles/test.scss blocks.scss on line 2
02/25/22 8:08:56: blocks.scss - Undefined variable $boxshadow-block: ../styles/test.scss on line 12, at column 3
Call Stack:
#0 import ../styles/test.scss blocks.scss on line 2
02/25/22 8:09:00: blocks.scss - Undefined variable $boxshadow-block: ../styles/test.scss on line 12, at column 3
Call Stack:
#0 import ../styles/test.scss blocks.scss on line 2
02/25/22 8:09:11: blocks.scss - Undefined variable $boxshadow-block: ../styles/test.scss on line 12, at column 3
Call Stack:
#0 import ../styles/test.scss blocks.scss on line 2
02/25/22 8:10:00: blocks.scss - Undefined variable $boxshadow-block: ../styles/test.scss on line 12, at column 3
Call Stack:
#0 import ../styles/test.scss blocks.scss on line 2
02/25/22 8:10:01: blocks.scss - Undefined variable $boxshadow-block: ../styles/test.scss on line 12, at column 3
Call Stack:
#0 import ../styles/test.scss blocks.scss on line 2
02/25/22 8:10:02: blocks.scss - Undefined variable $boxshadow-block: ../styles/test.scss on line 12, at column 3
Call Stack:
#0 import ../styles/test.scss blocks.scss on line 2
02/25/22 8:12:43: test.scss - Undefined variable $boxshadow-block: test.scss on line 11, at column 3
02/25/22 8:12:44: test.scss - Undefined variable $boxshadow-block: test.scss on line 11, at column 3
02/25/22 8:13:44: test.scss - Undefined variable $boxshadow-block: test.scss on line 11, at column 3
02/25/22 8:14:15: test.scss - Undefined variable $boxshadow-block: test.scss on line 11, at column 3
02/25/22 8:14:18: test.scss - Undefined variable $boxshadow-block: test.scss on line 11, at column 3
02/25/22 8:14:19: test.scss - Undefined variable $boxshadow-block: test.scss on line 11, at column 3
02/25/22 8:15:20: test.scss - Undefined variable $boxshadow-block: test.scss on line 11, at column 3
02/25/22 8:16:03: test.scss - Undefined variable $boxshadow-block: test.scss on line 11, at column 3
02/25/22 8:16:13: test.scss - Undefined variable $boxshadow-block: test.scss on line 11, at column 3
02/25/22 8:16:14: test.scss - Undefined variable $boxshadow-block: test.scss on line 11, at column 3
02/25/22 8:16:15: test.scss - Undefined variable $boxshadow-block: test.scss on line 11, at column 3
02/25/22 8:17:06: test.scss - Undefined variable $boxshadow-block: test.scss on line 11, at column 3
02/25/22 8:17:07: test.scss - Undefined variable $boxshadow-block: test.scss on line 11, at column 3
02/25/22 8:17:28: test.scss - Undefined variable $boxshadow-block: test.scss on line 11, at column 3
02/25/22 8:17:54: test.scss - Undefined variable $boxshadow-block: test.scss on line 11, at column 3
02/25/22 8:17:55: test.scss - Undefined variable $boxshadow-block: test.scss on line 11, at column 3
02/25/22 8:18:41: test.scss - Undefined variable $boxshadow-block: test.scss on line 11, at column 3
02/25/22 8:18:41: test.scss - Undefined variable $boxshadow-block: test.scss on line 11, at column 3
02/25/22 8:19:28: test.scss - Undefined variable $boxshadow-block: test.scss on line 11, at column 3
02/25/22 8:19:43: test.scss - Undefined variable $boxshadow-block: test.scss on line 11, at column 3
02/25/22 8:20:43: test.scss - Undefined variable $boxshadow-block: test.scss on line 11, at column 3
02/25/22 8:21:29: test.scss - Undefined variable $boxshadow-block: test.scss on line 11, at column 3
02/25/22 8:21:43: test.scss - Undefined variable $boxshadow-block: test.scss on line 11, at column 3
02/25/22 8:22:43: test.scss - Undefined variable $boxshadow-block: test.scss on line 11, at column 3
02/25/22 8:23:30: test.scss - Undefined variable $boxshadow-block: test.scss on line 11, at column 3
02/25/22 8:23:32: test.scss - Undefined variable $boxshadow-block: test.scss on line 11, at column 3
02/25/22 8:23:41: test.scss - Undefined variable $boxshadow-block: test.scss on line 11, at column 3
